2019-12-19 11:00:43.687  INFO 2620 --- [restartedMain] com.osyy.TestApplication                 : Starting TestApplication on ARTIST54 with PID 2620 (C:\Users\oigrek\Desktop\SpringProject\osyy\target\classes started by oigrek in C:\Users\oigrek\Desktop\SpringProject\osyy)
2019-12-19 11:00:43.688  INFO 2620 --- [restartedMain] com.osyy.TestApplication                 : No active profile set, falling back to default profiles: default
2019-12-19 11:00:44.104  WARN 2620 --- [restartedMain] org.apache.tomcat.util.modeler.Registry  : The MBean registry cannot be disabled because it has already been initialised
2019-12-19 11:00:44.239  INFO 2620 --- [restartedMain] o.s.b.w.embedded.tomcat.TomcatWebServer  : Tomcat initialized with port(s): 8080 (http)
2019-12-19 11:00:44.240  INFO 2620 --- [restartedMain] o.apache.catalina.core.StandardService   : Starting service [Tomcat]
2019-12-19 11:00:44.240  INFO 2620 --- [restartedMain] org.apache.catalina.core.StandardEngine  : Starting Servlet engine: [Apache Tomcat/9.0.29]
2019-12-19 11:00:44.282  INFO 2620 --- [restartedMain] o.a.c.c.C.[Tomcat].[localhost].[/]       : Initializing Spring embedded WebApplicationContext
2019-12-19 11:00:44.282 DEBUG 2620 --- [restartedMain] o.s.web.context.ContextLoader            : Published root WebApplicationContext as ServletContext attribute with name [org.springframework.web.context.WebApplicationContext.ROOT]
2019-12-19 11:00:44.282  INFO 2620 --- [restartedMain] o.s.web.context.ContextLoader            : Root WebApplicationContext: initialization completed in 590 ms
2019-12-19 11:00:44.422  INFO 2620 --- [restartedMain] o.s.s.concurrent.ThreadPoolTaskExecutor  : Initializing ExecutorService 'applicationTaskExecutor'
2019-12-19 11:00:44.429 DEBUG 2620 --- [restartedMain] s.w.s.m.m.a.RequestMappingHandlerAdapter : ControllerAdvice beans: 0 @ModelAttribute, 0 @InitBinder, 1 RequestBodyAdvice, 1 ResponseBodyAdvice
2019-12-19 11:00:44.441 DEBUG 2620 --- [restartedMain] s.w.s.m.m.a.RequestMappingHandlerMapping : 2 mappings in 'requestMappingHandlerMapping'
2019-12-19 11:00:44.459 DEBUG 2620 --- [restartedMain] o.s.w.s.handler.SimpleUrlHandlerMapping  : Patterns [/webjars/**, /**] in 'resourceHandlerMapping'
2019-12-19 11:00:44.465 DEBUG 2620 --- [restartedMain] .m.m.a.ExceptionHandlerExceptionResolver : ControllerAdvice beans: 0 @ExceptionHandler, 1 ResponseBodyAdvice
2019-12-19 11:00:44.576  INFO 2620 --- [restartedMain] o.s.b.d.a.OptionalLiveReloadServer       : LiveReload server is running on port 35729
2019-12-19 11:00:44.583  INFO 2620 --- [restartedMain] o.s.b.a.e.web.EndpointLinksResolver      : Exposing 2 endpoint(s) beneath base path '/actuator'
2019-12-19 11:00:44.620  INFO 2620 --- [restartedMain] o.s.b.w.embedded.tomcat.TomcatWebServer  : Tomcat started on port(s): 8080 (http) with context path ''
2019-12-19 11:00:44.621  INFO 2620 --- [restartedMain] com.osyy.TestApplication                 : Started TestApplication in 1.013 seconds (JVM running for 112.291)
2019-12-19 11:00:44.625  INFO 2620 --- [restartedMain] .ConditionEvaluationDeltaLoggingListener : Condition evaluation unchanged
2019-12-19 11:01:37.661  INFO 2620 --- [Thread-26] o.s.s.concurrent.ThreadPoolTaskExecutor  : Shutting down ExecutorService 'applicationTaskExecutor'
2019-12-19 11:01:38.333  INFO 2620 --- [restartedMain] com.osyy.TestApplication                 : Starting TestApplication on ARTIST54 with PID 2620 (C:\Users\oigrek\Desktop\SpringProject\osyy\target\classes started by oigrek in C:\Users\oigrek\Desktop\SpringProject\osyy)
2019-12-19 11:01:38.334  INFO 2620 --- [restartedMain] com.osyy.TestApplication                 : No active profile set, falling back to default profiles: default
2019-12-19 11:01:38.717  WARN 2620 --- [restartedMain] org.apache.tomcat.util.modeler.Registry  : The MBean registry cannot be disabled because it has already been initialised
2019-12-19 11:01:38.823  INFO 2620 --- [restartedMain] o.s.b.w.embedded.tomcat.TomcatWebServer  : Tomcat initialized with port(s): 8080 (http)
2019-12-19 11:01:38.824  INFO 2620 --- [restartedMain] o.apache.catalina.core.StandardService   : Starting service [Tomcat]
2019-12-19 11:01:38.824  INFO 2620 --- [restartedMain] org.apache.catalina.core.StandardEngine  : Starting Servlet engine: [Apache Tomcat/9.0.29]
2019-12-19 11:01:38.869  INFO 2620 --- [restartedMain] o.a.c.c.C.[Tomcat].[localhost].[/]       : Initializing Spring embedded WebApplicationContext
2019-12-19 11:01:38.869 DEBUG 2620 --- [restartedMain] o.s.web.context.ContextLoader            : Published root WebApplicationContext as ServletContext attribute with name [org.springframework.web.context.WebApplicationContext.ROOT]
2019-12-19 11:01:38.869  INFO 2620 --- [restartedMain] o.s.web.context.ContextLoader            : Root WebApplicationContext: initialization completed in 532 ms
2019-12-19 11:01:39.018  INFO 2620 --- [restartedMain] o.s.s.concurrent.ThreadPoolTaskExecutor  : Initializing ExecutorService 'applicationTaskExecutor'
2019-12-19 11:01:39.024 DEBUG 2620 --- [restartedMain] s.w.s.m.m.a.RequestMappingHandlerAdapter : ControllerAdvice beans: 0 @ModelAttribute, 0 @InitBinder, 1 RequestBodyAdvice, 1 ResponseBodyAdvice
2019-12-19 11:01:39.032 TRACE 2620 --- [restartedMain] s.w.s.m.m.a.RequestMappingHandlerMapping : 
	o.s.b.a.w.s.e.BasicErrorController:
	{ /error}: error(HttpServletRequest)
	{ /error, produces [text/html]}: errorHtml(HttpServletRequest,HttpServletResponse)
2019-12-19 11:01:39.036 DEBUG 2620 --- [restartedMain] s.w.s.m.m.a.RequestMappingHandlerMapping : 2 mappings in 'requestMappingHandlerMapping'
2019-12-19 11:01:39.048 DEBUG 2620 --- [restartedMain] o.s.w.s.h.BeanNameUrlHandlerMapping      : Detected 0 mappings in 'beanNameHandlerMapping'
2019-12-19 11:01:39.052 TRACE 2620 --- [restartedMain] o.s.w.s.handler.SimpleUrlHandlerMapping  : Mapped [/webjars/**] onto ResourceHttpRequestHandler ["classpath:/META-INF/resources/webjars/"]
2019-12-19 11:01:39.053 TRACE 2620 --- [restartedMain] o.s.w.s.handler.SimpleUrlHandlerMapping  : Mapped [/**] onto ResourceHttpRequestHandler ["classpath:/META-INF/resources/", "classpath:/resources/", "classpath:/static/", "classpath:/public/", "/"]
2019-12-19 11:01:39.053 DEBUG 2620 --- [restartedMain] o.s.w.s.handler.SimpleUrlHandlerMapping  : Patterns [/webjars/**, /**] in 'resourceHandlerMapping'
2019-12-19 11:01:39.061 DEBUG 2620 --- [restartedMain] .m.m.a.ExceptionHandlerExceptionResolver : ControllerAdvice beans: 0 @ExceptionHandler, 1 ResponseBodyAdvice
2019-12-19 11:01:39.142  INFO 2620 --- [restartedMain] o.s.b.d.a.OptionalLiveReloadServer       : LiveReload server is running on port 35729
2019-12-19 11:01:39.148  INFO 2620 --- [restartedMain] o.s.b.a.e.web.EndpointLinksResolver      : Exposing 2 endpoint(s) beneath base path '/actuator'
2019-12-19 11:01:39.191  INFO 2620 --- [restartedMain] o.s.b.w.embedded.tomcat.TomcatWebServer  : Tomcat started on port(s): 8080 (http) with context path ''
2019-12-19 11:01:39.193  INFO 2620 --- [restartedMain] com.osyy.TestApplication                 : Started TestApplication in 0.909 seconds (JVM running for 166.866)
2019-12-19 11:01:39.196  INFO 2620 --- [restartedMain] .ConditionEvaluationDeltaLoggingListener : Condition evaluation unchanged
2019-12-19 11:01:54.695  INFO 2620 --- [Thread-33] o.s.s.concurrent.ThreadPoolTaskExecutor  : Shutting down ExecutorService 'applicationTaskExecutor'
2019-12-19 11:01:55.293  INFO 2620 --- [restartedMain] com.osyy.TestApplication                 : Starting TestApplication on ARTIST54 with PID 2620 (C:\Users\oigrek\Desktop\SpringProject\osyy\target\classes started by oigrek in C:\Users\oigrek\Desktop\SpringProject\osyy)
2019-12-19 11:01:55.293  INFO 2620 --- [restartedMain] com.osyy.TestApplication                 : No active profile set, falling back to default profiles: default
2019-12-19 11:01:55.684  WARN 2620 --- [restartedMain] org.apache.tomcat.util.modeler.Registry  : The MBean registry cannot be disabled because it has already been initialised
2019-12-19 11:01:55.782  INFO 2620 --- [restartedMain] o.s.b.w.embedded.tomcat.TomcatWebServer  : Tomcat initialized with port(s): 8080 (http)
2019-12-19 11:01:55.784  INFO 2620 --- [restartedMain] o.apache.catalina.core.StandardService   : Starting service [Tomcat]
2019-12-19 11:01:55.784  INFO 2620 --- [restartedMain] org.apache.catalina.core.StandardEngine  : Starting Servlet engine: [Apache Tomcat/9.0.29]
2019-12-19 11:01:55.809  INFO 2620 --- [restartedMain] o.a.c.c.C.[Tomcat].[localhost].[/]       : Initializing Spring embedded WebApplicationContext
2019-12-19 11:01:55.810 DEBUG 2620 --- [restartedMain] o.s.web.context.ContextLoader            : Published root WebApplicationContext as ServletContext attribute with name [org.springframework.web.context.WebApplicationContext.ROOT]
2019-12-19 11:01:55.810  INFO 2620 --- [restartedMain] o.s.web.context.ContextLoader            : Root WebApplicationContext: initialization completed in 514 ms
2019-12-19 11:01:55.966  INFO 2620 --- [restartedMain] o.s.s.concurrent.ThreadPoolTaskExecutor  : Initializing ExecutorService 'applicationTaskExecutor'
2019-12-19 11:01:55.970 DEBUG 2620 --- [restartedMain] s.w.s.m.m.a.RequestMappingHandlerAdapter : ControllerAdvice beans: 0 @ModelAttribute, 0 @InitBinder, 1 RequestBodyAdvice, 1 ResponseBodyAdvice
2019-12-19 11:01:55.975 TRACE 2620 --- [restartedMain] s.w.s.m.m.a.RequestMappingHandlerMapping : 
	o.s.b.a.w.s.e.BasicErrorController:
	{ /error}: error(HttpServletRequest)
	{ /error, produces [text/html]}: errorHtml(HttpServletRequest,HttpServletResponse)
2019-12-19 11:01:55.978 DEBUG 2620 --- [restartedMain] s.w.s.m.m.a.RequestMappingHandlerMapping : 2 mappings in 'requestMappingHandlerMapping'
2019-12-19 11:01:55.988 DEBUG 2620 --- [restartedMain] o.s.w.s.h.BeanNameUrlHandlerMapping      : Detected 0 mappings in 'beanNameHandlerMapping'
2019-12-19 11:01:55.992 TRACE 2620 --- [restartedMain] o.s.w.s.handler.SimpleUrlHandlerMapping  : Mapped [/webjars/**] onto ResourceHttpRequestHandler ["classpath:/META-INF/resources/webjars/"]
2019-12-19 11:01:55.992 TRACE 2620 --- [restartedMain] o.s.w.s.handler.SimpleUrlHandlerMapping  : Mapped [/**] onto ResourceHttpRequestHandler ["classpath:/META-INF/resources/", "classpath:/resources/", "classpath:/static/", "classpath:/public/", "/"]
2019-12-19 11:01:55.992 DEBUG 2620 --- [restartedMain] o.s.w.s.handler.SimpleUrlHandlerMapping  : Patterns [/webjars/**, /**] in 'resourceHandlerMapping'
2019-12-19 11:01:55.999 DEBUG 2620 --- [restartedMain] .m.m.a.ExceptionHandlerExceptionResolver : ControllerAdvice beans: 0 @ExceptionHandler, 1 ResponseBodyAdvice
2019-12-19 11:01:56.064  INFO 2620 --- [restartedMain] o.s.b.d.a.OptionalLiveReloadServer       : LiveReload server is running on port 35729
2019-12-19 11:01:56.069  INFO 2620 --- [restartedMain] o.s.b.a.e.web.EndpointLinksResolver      : Exposing 2 endpoint(s) beneath base path '/actuator'
2019-12-19 11:01:56.100  INFO 2620 --- [restartedMain] o.s.b.w.embedded.tomcat.TomcatWebServer  : Tomcat started on port(s): 8080 (http) with context path ''
2019-12-19 11:01:56.101  INFO 2620 --- [restartedMain] com.osyy.TestApplication                 : Started TestApplication in 0.869 seconds (JVM running for 183.775)
2019-12-19 11:01:56.105  INFO 2620 --- [restartedMain] .ConditionEvaluationDeltaLoggingListener : Condition evaluation unchanged
2019-12-19 11:03:08.844  INFO 2620 --- [RMI TCP Connection(20)-127.0.0.1] inMXBeanRegistrar$SpringApplicationAdmin : Application shutdown requested.
2019-12-19 11:03:08.871  INFO 2620 --- [RMI TCP Connection(20)-127.0.0.1] o.s.s.concurrent.ThreadPoolTaskExecutor  : Shutting down ExecutorService 'applicationTaskExecutor'
